# JRE version: Java(TM) SE Runtime Environment (8.0_31-b13) (build 1.8.0_31-b13)
# Java VM: Java HotSpot(TM) 64-Bit Server VM (25.31-b07 mixed mode windows-amd64 compressed oops)
Heap:
 PSYoungGen      total 163840K, used 39814K [0x00000000d5f00000, 0x00000000e2000000, 0x0000000100000000)
  eden space 137216K, 27% used [0x00000000d5f00000,0x00000000d834e540,0x00000000de500000)
  from space 26624K, 9% used [0x00000000e0600000,0x00000000e08933f0,0x00000000e2000000)
  to   space 30208K, 0% used [0x00000000de500000,0x00000000de500000,0x00000000e0280000)
 ParOldGen       total 273408K, used 205678K [0x0000000081c00000, 0x0000000092700000, 0x00000000d5f00000)
  object space 273408K, 75% used [0x0000000081c00000,0x000000008e4dbaf0,0x0000000092700000)
 Metaspace       used 16514K, capacity 16666K, committed 17024K, reserved 1064960K
  class space    used 1778K, capacity 1831K, committed 1920K, reserved 1048576K
GC Heap History (10 events):
Event: 7.479 GC heap before
{Heap before GC invocations=10 (full 1):
 PSYoungGen      total 79360K, used 78251K [0x00000000d5f00000, 0x00000000dce00000, 0x0000000100000000)
  eden space 70656K, 98% used [0x00000000d5f00000,0x00000000da2ecc90,0x00000000da400000)
  from space 8704K, 99% used [0x00000000db100000,0x00000000db97e060,0x00000000db980000)
  to   space 13312K, 0% used [0x00000000da400000,0x00000000da400000,0x00000000db100000)
 ParOldGen       total 313856K, used 285660K [0x0000000081c00000, 0x0000000094e80000, 0x00000000d5f00000)
  object space 313856K, 91% used [0x0000000081c00000,0x00000000932f7290,0x0000000094e80000)
 Metaspace       used 11248K, capacity 11330K, committed 11520K, reserved 1058816K
  class space    used 1159K, capacity 1206K, committed 1280K, reserved 1048576K
Event: 7.489 GC heap after
Heap after GC invocations=10 (full 1):
 PSYoungGen      total 83968K, used 13307K [0x00000000d5f00000, 0x00000000de880000, 0x0000000100000000)
  eden space 70656K, 0% used [0x00000000d5f00000,0x00000000d5f00000,0x00000000da400000)
  from space 13312K, 99% used [0x00000000da400000,0x00000000db0fec68,0x00000000db100000)
  to   space 19456K, 0% used [0x00000000dd580000,0x00000000dd580000,0x00000000de880000)
 ParOldGen       total 313856K, used 294753K [0x0000000081c00000, 0x0000000094e80000, 0x00000000d5f00000)
  object space 313856K, 93% used [0x0000000081c00000,0x0000000093bd87f0,0x0000000094e80000)
 Metaspace       used 11248K, capacity 11330K, committed 11520K, reserved 1058816K
  class space    used 1159K, capacity 1206K, committed 1280K, reserved 1048576K
}
Event: 7.489 GC heap before
{Heap before GC invocations=11 (full 2):
 PSYoungGen      total 83968K, used 13307K [0x00000000d5f00000, 0x00000000de880000, 0x0000000100000000)
  eden space 70656K, 0% used [0x00000000d5f00000,0x00000000d5f00000,0x00000000da400000)
  from space 13312K, 99% used [0x00000000da400000,0x00000000db0fec68,0x00000000db100000)
  to   space 19456K, 0% used [0x00000000dd580000,0x00000000dd580000,0x00000000de880000)
 ParOldGen       total 313856K, used 294753K [0x0000000081c00000, 0x0000000094e80000, 0x00000000d5f00000)
  object space 313856K, 93% used [0x0000000081c00000,0x0000000093bd87f0,0x0000000094e80000)
 Metaspace       used 11248K, capacity 11330K, committed 11520K, reserved 1058816K
  class space    used 1159K, capacity 1206K, committed 1280K, reserved 1048576K
Event: 7.533 GC heap after
Heap after GC invocations=11 (full 2):
 PSYoungGen      total 83968K, used 0K [0x00000000d5f00000, 0x00000000de880000, 0x0000000100000000)
  eden space 70656K, 0% used [0x00000000d5f00000,0x00000000d5f00000,0x00000000da400000)
  from space 13312K, 0% used [0x00000000da400000,0x00000000da400000,0x00000000db100000)
  to   space 19456K, 0% used [0x00000000dd580000,0x00000000dd580000,0x00000000de880000)
 ParOldGen       total 273408K, used 182860K [0x0000000081c00000, 0x0000000092700000, 0x00000000d5f00000)
  object space 273408K, 66% used [0x0000000081c00000,0x000000008ce931c8,0x0000000092700000)
 Metaspace       used 11248K, capacity 11330K, committed 11520K, reserved 1058816K
  class space    used 1159K, capacity 1206K, committed 1280K, reserved 1048576K
}
Event: 7.909 GC heap before
{Heap before GC invocations=12 (full 2):
 PSYoungGen      total 83968K, used 70656K [0x00000000d5f00000, 0x00000000de880000, 0x0000000100000000)
  eden space 70656K, 100% used [0x00000000d5f00000,0x00000000da400000,0x00000000da400000)
  from space 13312K, 0% used [0x00000000da400000,0x00000000da400000,0x00000000db100000)
  to   space 19456K, 0% used [0x00000000dd580000,0x00000000dd580000,0x00000000de880000)
 ParOldGen       total 273408K, used 182860K [0x0000000081c00000, 0x0000000092700000, 0x00000000d5f00000)
  object space 273408K, 66% used [0x0000000081c00000,0x000000008ce931c8,0x0000000092700000)
 Metaspace       used 11306K, capacity 11458K, committed 11776K, reserved 1060864K
  class space    used 1159K, capacity 1206K, committed 1280K, reserved 1048576K
Event: 7.918 GC heap after
Heap after GC invocations=12 (full 2):
 PSYoungGen      total 115712K, used 19049K [0x00000000d5f00000, 0x00000000dea00000, 0x0000000100000000)
  eden space 96256K, 0% used [0x00000000d5f00000,0x00000000d5f00000,0x00000000dbd00000)
  from space 19456K, 97% used [0x00000000dd580000,0x00000000de81a698,0x00000000de880000)
  to   space 23040K, 0% used [0x00000000dbd00000,0x00000000dbd00000,0x00000000dd380000)
 ParOldGen       total 273408K, used 182868K [0x0000000081c00000, 0x0000000092700000, 0x00000000d5f00000)
  object space 273408K, 66% used [0x0000000081c00000,0x000000008ce951c8,0x0000000092700000)
 Metaspace       used 11306K, capacity 11458K, committed 11776K, reserved 1060864K
  class space    used 1159K, capacity 1206K, committed 1280K, reserved 1048576K
}
Event: 8.240 GC heap before
{Heap before GC invocations=13 (full 2):
 PSYoungGen      total 115712K, used 115305K [0x00000000d5f00000, 0x00000000dea00000, 0x0000000100000000)
  eden space 96256K, 100% used [0x00000000d5f00000,0x00000000dbd00000,0x00000000dbd00000)
  from space 19456K, 97% used [0x00000000dd580000,0x00000000de81a698,0x00000000de880000)
  to   space 23040K, 0% used [0x00000000dbd00000,0x00000000dbd00000,0x00000000dd380000)
 ParOldGen       total 273408K, used 182868K [0x0000000081c00000, 0x0000000092700000, 0x00000000d5f00000)
  object space 273408K, 66% used [0x0000000081c00000,0x000000008ce951c8,0x0000000092700000)
 Metaspace       used 11341K, capacity 11458K, committed 11776K, reserved 1060864K
  class space    used 1159K, capacity 1206K, committed 1280K, reserved 1048576K
Event: 8.272 GC heap after
Heap after GC invocations=13 (full 2):
 PSYoungGen      total 119296K, used 23029K [0x00000000d5f00000, 0x00000000e2400000, 0x0000000100000000)
  eden space 96256K, 0% used [0x00000000d5f00000,0x00000000d5f00000,0x00000000dbd00000)
  from space 23040K, 99% used [0x00000000dbd00000,0x00000000dd37d7b0,0x00000000dd380000)
  to   space 30720K, 0% used [0x00000000e0600000,0x00000000e0600000,0x00000000e2400000)
 ParOldGen       total 273408K, used 192676K [0x0000000081c00000, 0x0000000092700000, 0x00000000d5f00000)
  object space 273408K, 70% used [0x0000000081c00000,0x000000008d8291d8,0x0000000092700000)
 Metaspace       used 11341K, capacity 11458K, committed 11776K, reserved 1060864K
  class space    used 1159K, capacity 1206K, committed 1280K, reserved 1048576K
}
Event: 43.779 GC heap before
{Heap before GC invocations=14 (full 2):
 PSYoungGen      total 119296K, used 119285K [0x00000000d5f00000, 0x00000000e2400000, 0x0000000100000000)
  eden space 96256K, 100% used [0x00000000d5f00000,0x00000000dbd00000,0x00000000dbd00000)
  from space 23040K, 99% used [0x00000000dbd00000,0x00000000dd37d7b0,0x00000000dd380000)
  to   space 30720K, 0% used [0x00000000e0600000,0x00000000e0600000,0x00000000e2400000)
 ParOldGen       total 273408K, used 192676K [0x0000000081c00000, 0x0000000092700000, 0x00000000d5f00000)
  object space 273408K, 70% used [0x0000000081c00000,0x000000008d8291d8,0x0000000092700000)
 Metaspace       used 16427K, capacity 16570K, committed 17024K, reserved 1064960K
  class space    used 1771K, capacity 1799K, committed 1920K, reserved 1048576K
Event: 43.788 GC heap after
Heap after GC invocations=14 (full 2):
 PSYoungGen      total 163840K, used 2636K [0x00000000d5f00000, 0x00000000e2000000, 0x0000000100000000)
  eden space 137216K, 0% used [0x00000000d5f00000,0x00000000d5f00000,0x00000000de500000)
  from space 26624K, 9% used [0x00000000e0600000,0x00000000e08933f0,0x00000000e2000000)
  to   space 30208K, 0% used [0x00000000de500000,0x00000000de500000,0x00000000e0280000)
 ParOldGen       total 273408K, used 205678K [0x0000000081c00000, 0x0000000092700000, 0x00000000d5f00000)
  object space 273408K, 75% used [0x0000000081c00000,0x000000008e4dbaf0,0x0000000092700000)
 Metaspace       used 16427K, capacity 16570K, committed 17024K, reserved 1064960K
  class space    used 1771K, capacity 1799K, committed 1920K, reserved 1048576K
}

