# JRE version: Java(TM) SE Runtime Environment (8.0_31-b13) (build 1.8.0_31-b13)
# Java VM: Java HotSpot(TM) 64-Bit Server VM (25.31-b07 mixed mode windows-amd64 compressed oops)
Heap:
 PSYoungGen      total 153088K, used 102682K [0x00000000d5f00000, 0x00000000e3d80000, 0x0000000100000000)
  eden space 110080K, 54% used [0x00000000d5f00000,0x00000000d9947960,0x00000000dca80000)
  from space 43008K, 99% used [0x00000000dfd00000,0x00000000e26fef90,0x00000000e2700000)
  to   space 51712K, 0% used [0x00000000dca80000,0x00000000dca80000,0x00000000dfd00000)
 ParOldGen       total 368128K, used 272407K [0x0000000081c00000, 0x0000000098380000, 0x00000000d5f00000)
  object space 368128K, 73% used [0x0000000081c00000,0x0000000092605dc8,0x0000000098380000)
 Metaspace       used 16103K, capacity 16250K, committed 16512K, reserved 1064960K
  class space    used 1758K, capacity 1799K, committed 1920K, reserved 1048576K
GC Heap History (10 events):
Event: 14.031 GC heap before
{Heap before GC invocations=13 (full 3):
 PSYoungGen      total 95744K, used 392K [0x00000000d5f00000, 0x00000000dc400000, 0x0000000100000000)
  eden space 88064K, 0% used [0x00000000d5f00000,0x00000000d5f00000,0x00000000db500000)
  from space 7680K, 5% used [0x00000000dbc80000,0x00000000dbce2010,0x00000000dc400000)
  to   space 7680K, 0% used [0x00000000db500000,0x00000000db500000,0x00000000dbc80000)
 ParOldGen       total 293376K, used 280387K [0x0000000081c00000, 0x0000000093a80000, 0x00000000d5f00000)
  object space 293376K, 95% used [0x0000000081c00000,0x0000000092dd0ca0,0x0000000093a80000)
 Metaspace       used 10721K, capacity 10850K, committed 11008K, reserved 1058816K
  class space    used 1113K, capacity 1174K, committed 1280K, reserved 1048576K
Event: 14.204 GC heap after
Heap after GC invocations=13 (full 3):
 PSYoungGen      total 95744K, used 0K [0x00000000d5f00000, 0x00000000dc400000, 0x0000000100000000)
  eden space 88064K, 0% used [0x00000000d5f00000,0x00000000d5f00000,0x00000000db500000)
  from space 7680K, 0% used [0x00000000dbc80000,0x00000000dbc80000,0x00000000dc400000)
  to   space 7680K, 0% used [0x00000000db500000,0x00000000db500000,0x00000000dbc80000)
 ParOldGen       total 368128K, used 206893K [0x0000000081c00000, 0x0000000098380000, 0x00000000d5f00000)
  object space 368128K, 56% used [0x0000000081c00000,0x000000008e60b6e8,0x0000000098380000)
 Metaspace       used 10721K, capacity 10850K, committed 11008K, reserved 1058816K
  class space    used 1113K, capacity 1174K, committed 1280K, reserved 1048576K
}
Event: 14.870 GC heap before
{Heap before GC invocations=14 (full 3):
 PSYoungGen      total 95744K, used 88064K [0x00000000d5f00000, 0x00000000dc400000, 0x0000000100000000)
  eden space 88064K, 100% used [0x00000000d5f00000,0x00000000db500000,0x00000000db500000)
  from space 7680K, 0% used [0x00000000dbc80000,0x00000000dbc80000,0x00000000dc400000)
  to   space 7680K, 0% used [0x00000000db500000,0x00000000db500000,0x00000000dbc80000)
 ParOldGen       total 368128K, used 206893K [0x0000000081c00000, 0x0000000098380000, 0x00000000d5f00000)
  object space 368128K, 56% used [0x0000000081c00000,0x000000008e60b6e8,0x0000000098380000)
 Metaspace       used 10722K, capacity 10850K, committed 11008K, reserved 1058816K
  class space    used 1113K, capacity 1174K, committed 1280K, reserved 1048576K
Event: 14.889 GC heap after
Heap after GC invocations=14 (full 3):
 PSYoungGen      total 95744K, used 7672K [0x00000000d5f00000, 0x00000000df200000, 0x0000000100000000)
  eden space 88064K, 0% used [0x00000000d5f00000,0x00000000d5f00000,0x00000000db500000)
  from space 7680K, 99% used [0x00000000db500000,0x00000000dbc7e060,0x00000000dbc80000)
  to   space 21504K, 0% used [0x00000000ddd00000,0x00000000ddd00000,0x00000000df200000)
 ParOldGen       total 368128K, used 239440K [0x0000000081c00000, 0x0000000098380000, 0x00000000d5f00000)
  object space 368128K, 65% used [0x0000000081c00000,0x00000000905d4348,0x0000000098380000)
 Metaspace       used 10722K, capacity 10850K, committed 11008K, reserved 1058816K
  class space    used 1113K, capacity 1174K, committed 1280K, reserved 1048576K
}
Event: 15.624 GC heap before
{Heap before GC invocations=15 (full 3):
 PSYoungGen      total 95744K, used 95453K [0x00000000d5f00000, 0x00000000df200000, 0x0000000100000000)
  eden space 88064K, 99% used [0x00000000d5f00000,0x00000000db4b9508,0x00000000db500000)
  from space 7680K, 99% used [0x00000000db500000,0x00000000dbc7e060,0x00000000dbc80000)
  to   space 21504K, 0% used [0x00000000ddd00000,0x00000000ddd00000,0x00000000df200000)
 ParOldGen       total 368128K, used 239440K [0x0000000081c00000, 0x0000000098380000, 0x00000000d5f00000)
  object space 368128K, 65% used [0x0000000081c00000,0x00000000905d4348,0x0000000098380000)
 Metaspace       used 10856K, capacity 11042K, committed 11264K, reserved 1058816K
  class space    used 1120K, capacity 1174K, committed 1280K, reserved 1048576K
Event: 15.649 GC heap after
Heap after GC invocations=15 (full 3):
 PSYoungGen      total 121344K, used 21486K [0x00000000d5f00000, 0x00000000e0080000, 0x0000000100000000)
  eden space 99840K, 0% used [0x00000000d5f00000,0x00000000d5f00000,0x00000000dc080000)
  from space 21504K, 99% used [0x00000000ddd00000,0x00000000df1fbaf0,0x00000000df200000)
  to   space 29184K, 0% used [0x00000000dc080000,0x00000000dc080000,0x00000000ddd00000)
 ParOldGen       total 368128K, used 248896K [0x0000000081c00000, 0x0000000098380000, 0x00000000d5f00000)
  object space 368128K, 67% used [0x0000000081c00000,0x0000000090f103c8,0x0000000098380000)
 Metaspace       used 10856K, capacity 11042K, committed 11264K, reserved 1058816K
  class space    used 1120K, capacity 1174K, committed 1280K, reserved 1048576K
}
Event: 17.984 GC heap before
{Heap before GC invocations=16 (full 3):
 PSYoungGen      total 121344K, used 115459K [0x00000000d5f00000, 0x00000000e0080000, 0x0000000100000000)
  eden space 99840K, 94% used [0x00000000d5f00000,0x00000000dbac5408,0x00000000dc080000)
  from space 21504K, 99% used [0x00000000ddd00000,0x00000000df1fbaf0,0x00000000df200000)
  to   space 29184K, 0% used [0x00000000dc080000,0x00000000dc080000,0x00000000ddd00000)
 ParOldGen       total 368128K, used 248896K [0x0000000081c00000, 0x0000000098380000, 0x00000000d5f00000)
  object space 368128K, 67% used [0x0000000081c00000,0x0000000090f103c8,0x0000000098380000)
 Metaspace       used 11287K, capacity 11458K, committed 11776K, reserved 1060864K
  class space    used 1159K, capacity 1206K, committed 1280K, reserved 1048576K
Event: 18.017 GC heap after
Heap after GC invocations=16 (full 3):
 PSYoungGen      total 129024K, used 29182K [0x00000000d5f00000, 0x00000000e2700000, 0x0000000100000000)
  eden space 99840K, 0% used [0x00000000d5f00000,0x00000000d5f00000,0x00000000dc080000)
  from space 29184K, 99% used [0x00000000dc080000,0x00000000ddcff918,0x00000000ddd00000)
  to   space 43008K, 0% used [0x00000000dfd00000,0x00000000dfd00000,0x00000000e2700000)
 ParOldGen       total 368128K, used 271679K [0x0000000081c00000, 0x0000000098380000, 0x00000000d5f00000)
  object space 368128K, 73% used [0x0000000081c00000,0x000000009254fdc8,0x0000000098380000)
 Metaspace       used 11287K, capacity 11458K, committed 11776K, reserved 1060864K
  class space    used 1159K, capacity 1206K, committed 1280K, reserved 1048576K
}
Event: 18.771 GC heap before
{Heap before GC invocations=17 (full 3):
 PSYoungGen      total 129024K, used 129022K [0x00000000d5f00000, 0x00000000e2700000, 0x0000000100000000)
  eden space 99840K, 100% used [0x00000000d5f00000,0x00000000dc080000,0x00000000dc080000)
  from space 29184K, 99% used [0x00000000dc080000,0x00000000ddcff918,0x00000000ddd00000)
  to   space 43008K, 0% used [0x00000000dfd00000,0x00000000dfd00000,0x00000000e2700000)
 ParOldGen       total 368128K, used 271679K [0x0000000081c00000, 0x0000000098380000, 0x00000000d5f00000)
  object space 368128K, 73% used [0x0000000081c00000,0x000000009254fdc8,0x0000000098380000)
 Metaspace       used 11323K, capacity 11458K, committed 11776K, reserved 1060864K
  class space    used 1159K, capacity 1206K, committed 1280K, reserved 1048576K
Event: 18.851 GC heap after
Heap after GC invocations=17 (full 3):
 PSYoungGen      total 153088K, used 43003K [0x00000000d5f00000, 0x00000000e3d80000, 0x0000000100000000)
  eden space 110080K, 0% used [0x00000000d5f00000,0x00000000d5f00000,0x00000000dca80000)
  from space 43008K, 99% used [0x00000000dfd00000,0x00000000e26fef90,0x00000000e2700000)
  to   space 51712K, 0% used [0x00000000dca80000,0x00000000dca80000,0x00000000dfd00000)
 ParOldGen       total 368128K, used 272407K [0x0000000081c00000, 0x0000000098380000, 0x00000000d5f00000)
  object space 368128K, 73% used [0x0000000081c00000,0x0000000092605dc8,0x0000000098380000)
 Metaspace       used 11323K, capacity 11458K, committed 11776K, reserved 1060864K
  class space    used 1159K, capacity 1206K, committed 1280K, reserved 1048576K
}

